<?xml version="1.0" encoding="UTF-8"?>
<!-- Generated by org.testng.reporters.JUnitXMLReporter -->
<testsuite ignored="0" hostname="LAPTOP-QD79T6EK" failures="1" tests="1" name="Banking Test" time="4.183" errors="0" timestamp="2022-10-09T14:32:39 EDT">
  <testcase classname="com.qa.pages.testCases.TestBanking" name="openBankSite" time="0.409">
    <failure type="java.lang.NullPointerException" message="Cannot invoke &amp;quot;org.apache.poi.xssf.usermodel.XSSFSheet.getRow(int)&amp;quot; because the return value of &amp;quot;org.apache.poi.xssf.usermodel.XSSFWorkbook.getSheet(String)&amp;quot; is null">
      <![CDATA[java.lang.NullPointerException: Cannot invoke "org.apache.poi.xssf.usermodel.XSSFSheet.getRow(int)" because the return value of "org.apache.poi.xssf.usermodel.XSSFWorkbook.getSheet(String)" is null
at com.qa.utilities.ExcelDataProvider.getStringData(ExcelDataProvider.java:23)
at com.qa.pages.testCases.TestBanking.openBankSite(TestBanking.java:21)
at java.base/java.util.ArrayList.forEach(ArrayList.java:1511)
... Removed 27 stack frames]]>
    </failure>
  </testcase> <!-- openBankSite -->
</testsuite> <!-- Banking Test -->
